This is pdfTeX, Version 3.141592653-2.6-1.40.22 (MiKTeX 21.6) (preloaded format=pdflatex 2021.9.10)  27 MAY 2024 18:12
entering extended mode
**"./Pattern Recognition.tex"
(Pattern Recognition.tex
LaTeX2e <2021-06-01>
L3 programming layer <2021-06-01>
(C:\Users\x\AppData\Local\Programs\MiKTeX\tex/latex/base\article.cls
Document Class: article 2021/02/12 v1.4n Standard LaTeX document class
(C:\Users\x\AppData\Local\Programs\MiKTeX\tex/latex/base\size10.clo
File: size10.clo 2021/02/12 v1.4n Standard LaTeX file (size option)
)
\c@part=\count182
\c@section=\count183
\c@subsection=\count184
\c@subsubsection=\count185
\c@paragraph=\count186
\c@subparagraph=\count187
\c@figure=\count188
\c@table=\count189
\abovecaptionskip=\skip47
\belowcaptionskip=\skip48
\bibindent=\dimen138
)
(C:\Users\x\AppData\Local\Programs\MiKTeX\tex/latex/graphics\graphicx.sty
Package: graphicx 2020/12/05 v1.2c Enhanced LaTeX Graphics (DPC,SPQR)

(C:\Users\x\AppData\Local\Programs\MiKTeX\tex/latex/graphics\keyval.sty
Package: keyval 2014/10/28 v1.15 key=value parser (DPC)
\KV@toks@=\toks16
)
(C:\Users\x\AppData\Local\Programs\MiKTeX\tex/latex/graphics\graphics.sty
Package: graphics 2021/03/04 v1.4d Standard LaTeX Graphics (DPC,SPQR)

(C:\Users\x\AppData\Local\Programs\MiKTeX\tex/latex/graphics\trig.sty
Package: trig 2016/01/03 v1.10 sin cos tan (DPC)
)
(C:\Users\x\AppData\Local\Programs\MiKTeX\tex/latex/graphics-cfg\graphics.cfg
File: graphics.cfg 2016/06/04 v1.11 sample graphics configuration
)
Package graphics Info: Driver file: pdftex.def on input line 107.

(C:\Users\x\AppData\Local\Programs\MiKTeX\tex/latex/graphics-def\pdftex.def
File: pdftex.def 2020/10/05 v1.2a Graphics/color driver for pdftex
))
\Gin@req@height=\dimen139
\Gin@req@width=\dimen140
)
(C:\Users\x\AppData\Local\Programs\MiKTeX\tex/latex/base\inputenc.sty
Package: inputenc 2021/02/14 v1.3d Input encoding file
\inpenc@prehook=\toks17
\inpenc@posthook=\toks18
)
(C:\Users\x\AppData\Local\Programs\MiKTeX\tex/latex/geometry\geometry.sty
Package: geometry 2020/01/02 v5.9 Page Geometry

(C:\Users\x\AppData\Local\Programs\MiKTeX\tex/generic/iftex\ifvtex.sty
Package: ifvtex 2019/10/25 v1.7 ifvtex legacy package. Use iftex instead.

(C:\Users\x\AppData\Local\Programs\MiKTeX\tex/generic/iftex\iftex.sty
Package: iftex 2020/03/06 v1.0d TeX engine tests
))
\Gm@cnth=\count190
\Gm@cntv=\count191
\c@Gm@tempcnt=\count192
\Gm@bindingoffset=\dimen141
\Gm@wd@mp=\dimen142
\Gm@odd@mp=\dimen143
\Gm@even@mp=\dimen144
\Gm@layoutwidth=\dimen145
\Gm@layoutheight=\dimen146
\Gm@layouthoffset=\dimen147
\Gm@layoutvoffset=\dimen148
\Gm@dimlist=\toks19

(C:\Users\x\AppData\Local\Programs\MiKTeX\tex/latex/geometry\geometry.cfg))
(C:\Users\x\AppData\Local\Programs\MiKTeX\tex/latex/pgf/frontendlayer\tikz.sty
(C:\Users\x\AppData\Local\Programs\MiKTeX\tex/latex/pgf/basiclayer\pgf.sty
(C:\Users\x\AppData\Local\Programs\MiKTeX\tex/latex/pgf/utilities\pgfrcs.sty
(C:\Users\x\AppData\Local\Programs\MiKTeX\tex/generic/pgf/utilities\pgfutil-com
mon.tex
\pgfutil@everybye=\toks20
\pgfutil@tempdima=\dimen149
\pgfutil@tempdimb=\dimen150

(C:\Users\x\AppData\Local\Programs\MiKTeX\tex/generic/pgf/utilities\pgfutil-com
mon-lists.tex))
(C:\Users\x\AppData\Local\Programs\MiKTeX\tex/generic/pgf/utilities\pgfutil-lat
ex.def
\pgfutil@abb=\box50
)
(C:\Users\x\AppData\Local\Programs\MiKTeX\tex/generic/pgf/utilities\pgfrcs.code
.tex (C:\Users\x\AppData\Local\Programs\MiKTeX\tex/generic/pgf\pgf.revision.tex
)
Package: pgfrcs 2021/05/15 v3.1.9a (3.1.9a)
))
Package: pgf 2021/05/15 v3.1.9a (3.1.9a)

(C:\Users\x\AppData\Local\Programs\MiKTeX\tex/latex/pgf/basiclayer\pgfcore.sty
(C:\Users\x\AppData\Local\Programs\MiKTeX\tex/latex/pgf/systemlayer\pgfsys.sty
(C:\Users\x\AppData\Local\Programs\MiKTeX\tex/generic/pgf/systemlayer\pgfsys.co
de.tex
Package: pgfsys 2021/05/15 v3.1.9a (3.1.9a)

(C:\Users\x\AppData\Local\Programs\MiKTeX\tex/generic/pgf/utilities\pgfkeys.cod
e.tex
\pgfkeys@pathtoks=\toks21
\pgfkeys@temptoks=\toks22

(C:\Users\x\AppData\Local\Programs\MiKTeX\tex/generic/pgf/utilities\pgfkeysfilt
ered.code.tex
\pgfkeys@tmptoks=\toks23
))
\pgf@x=\dimen151
\pgf@y=\dimen152
\pgf@xa=\dimen153
\pgf@ya=\dimen154
\pgf@xb=\dimen155
\pgf@yb=\dimen156
\pgf@xc=\dimen157
\pgf@yc=\dimen158
\pgf@xd=\dimen159
\pgf@yd=\dimen160
\w@pgf@writea=\write3
\r@pgf@reada=\read2
\c@pgf@counta=\count193
\c@pgf@countb=\count194
\c@pgf@countc=\count195
\c@pgf@countd=\count196
\t@pgf@toka=\toks24
\t@pgf@tokb=\toks25
\t@pgf@tokc=\toks26
\pgf@sys@id@count=\count197

(C:\Users\x\AppData\Local\Programs\MiKTeX\tex/generic/pgf/systemlayer\pgf.cfg
File: pgf.cfg 2021/05/15 v3.1.9a (3.1.9a)
)
Driver file for pgf: pgfsys-pdftex.def

(C:\Users\x\AppData\Local\Programs\MiKTeX\tex/generic/pgf/systemlayer\pgfsys-pd
ftex.def
File: pgfsys-pdftex.def 2021/05/15 v3.1.9a (3.1.9a)

(C:\Users\x\AppData\Local\Programs\MiKTeX\tex/generic/pgf/systemlayer\pgfsys-co
mmon-pdf.def
File: pgfsys-common-pdf.def 2021/05/15 v3.1.9a (3.1.9a)
)))
(C:\Users\x\AppData\Local\Programs\MiKTeX\tex/generic/pgf/systemlayer\pgfsyssof
tpath.code.tex
File: pgfsyssoftpath.code.tex 2021/05/15 v3.1.9a (3.1.9a)
\pgfsyssoftpath@smallbuffer@items=\count198
\pgfsyssoftpath@bigbuffer@items=\count199
)
(C:\Users\x\AppData\Local\Programs\MiKTeX\tex/generic/pgf/systemlayer\pgfsyspro
tocol.code.tex
File: pgfsysprotocol.code.tex 2021/05/15 v3.1.9a (3.1.9a)
))
(C:\Users\x\AppData\Local\Programs\MiKTeX\tex/latex/xcolor\xcolor.sty
Package: xcolor 2016/05/11 v2.12 LaTeX color extensions (UK)

(C:\Users\x\AppData\Local\Programs\MiKTeX\tex/latex/graphics-cfg\color.cfg
File: color.cfg 2016/01/02 v1.6 sample color configuration
)
Package xcolor Info: Driver file: pdftex.def on input line 225.
Package xcolor Info: Model `cmy' substituted by `cmy0' on input line 1348.
Package xcolor Info: Model `hsb' substituted by `rgb' on input line 1352.
Package xcolor Info: Model `RGB' extended on input line 1364.
Package xcolor Info: Model `HTML' substituted by `rgb' on input line 1366.
Package xcolor Info: Model `Hsb' substituted by `hsb' on input line 1367.
Package xcolor Info: Model `tHsb' substituted by `hsb' on input line 1368.
Package xcolor Info: Model `HSB' substituted by `hsb' on input line 1369.
Package xcolor Info: Model `Gray' substituted by `gray' on input line 1370.
Package xcolor Info: Model `wave' substituted by `hsb' on input line 1371.
)
(C:\Users\x\AppData\Local\Programs\MiKTeX\tex/generic/pgf/basiclayer\pgfcore.co
de.tex
Package: pgfcore 2021/05/15 v3.1.9a (3.1.9a)

(C:\Users\x\AppData\Local\Programs\MiKTeX\tex/generic/pgf/math\pgfmath.code.tex

(C:\Users\x\AppData\Local\Programs\MiKTeX\tex/generic/pgf/math\pgfmathcalc.code
.tex
(C:\Users\x\AppData\Local\Programs\MiKTeX\tex/generic/pgf/math\pgfmathutil.code
.tex)
(C:\Users\x\AppData\Local\Programs\MiKTeX\tex/generic/pgf/math\pgfmathparser.co
de.tex
\pgfmath@dimen=\dimen161
\pgfmath@count=\count266
\pgfmath@box=\box51
\pgfmath@toks=\toks27
\pgfmath@stack@operand=\toks28
\pgfmath@stack@operation=\toks29
)
(C:\Users\x\AppData\Local\Programs\MiKTeX\tex/generic/pgf/math\pgfmathfunctions
.code.tex
(C:\Users\x\AppData\Local\Programs\MiKTeX\tex/generic/pgf/math\pgfmathfunctions
.basic.code.tex)
(C:\Users\x\AppData\Local\Programs\MiKTeX\tex/generic/pgf/math\pgfmathfunctions
.trigonometric.code.tex)
(C:\Users\x\AppData\Local\Programs\MiKTeX\tex/generic/pgf/math\pgfmathfunctions
.random.code.tex)
(C:\Users\x\AppData\Local\Programs\MiKTeX\tex/generic/pgf/math\pgfmathfunctions
.comparison.code.tex)
(C:\Users\x\AppData\Local\Programs\MiKTeX\tex/generic/pgf/math\pgfmathfunctions
.base.code.tex)
(C:\Users\x\AppData\Local\Programs\MiKTeX\tex/generic/pgf/math\pgfmathfunctions
.round.code.tex)
(C:\Users\x\AppData\Local\Programs\MiKTeX\tex/generic/pgf/math\pgfmathfunctions
.misc.code.tex)
(C:\Users\x\AppData\Local\Programs\MiKTeX\tex/generic/pgf/math\pgfmathfunctions
.integerarithmetics.code.tex)))
(C:\Users\x\AppData\Local\Programs\MiKTeX\tex/generic/pgf/math\pgfmathfloat.cod
e.tex
\c@pgfmathroundto@lastzeros=\count267
))
(C:\Users\x\AppData\Local\Programs\MiKTeX\tex/generic/pgf/math\pgfint.code.tex)

(C:\Users\x\AppData\Local\Programs\MiKTeX\tex/generic/pgf/basiclayer\pgfcorepoi
nts.code.tex
File: pgfcorepoints.code.tex 2021/05/15 v3.1.9a (3.1.9a)
\pgf@picminx=\dimen162
\pgf@picmaxx=\dimen163
\pgf@picminy=\dimen164
\pgf@picmaxy=\dimen165
\pgf@pathminx=\dimen166
\pgf@pathmaxx=\dimen167
\pgf@pathminy=\dimen168
\pgf@pathmaxy=\dimen169
\pgf@xx=\dimen170
\pgf@xy=\dimen171
\pgf@yx=\dimen172
\pgf@yy=\dimen173
\pgf@zx=\dimen174
\pgf@zy=\dimen175
)
(C:\Users\x\AppData\Local\Programs\MiKTeX\tex/generic/pgf/basiclayer\pgfcorepat
hconstruct.code.tex
File: pgfcorepathconstruct.code.tex 2021/05/15 v3.1.9a (3.1.9a)
\pgf@path@lastx=\dimen176
\pgf@path@lasty=\dimen177
)
(C:\Users\x\AppData\Local\Programs\MiKTeX\tex/generic/pgf/basiclayer\pgfcorepat
husage.code.tex
File: pgfcorepathusage.code.tex 2021/05/15 v3.1.9a (3.1.9a)
\pgf@shorten@end@additional=\dimen178
\pgf@shorten@start@additional=\dimen179
)
(C:\Users\x\AppData\Local\Programs\MiKTeX\tex/generic/pgf/basiclayer\pgfcoresco
pes.code.tex
File: pgfcorescopes.code.tex 2021/05/15 v3.1.9a (3.1.9a)
\pgfpic=\box52
\pgf@hbox=\box53
\pgf@layerbox@main=\box54
\pgf@picture@serial@count=\count268
)
(C:\Users\x\AppData\Local\Programs\MiKTeX\tex/generic/pgf/basiclayer\pgfcoregra
phicstate.code.tex
File: pgfcoregraphicstate.code.tex 2021/05/15 v3.1.9a (3.1.9a)
\pgflinewidth=\dimen180
)
(C:\Users\x\AppData\Local\Programs\MiKTeX\tex/generic/pgf/basiclayer\pgfcoretra
nsformations.code.tex
File: pgfcoretransformations.code.tex 2021/05/15 v3.1.9a (3.1.9a)
\pgf@pt@x=\dimen181
\pgf@pt@y=\dimen182
\pgf@pt@temp=\dimen183
)
(C:\Users\x\AppData\Local\Programs\MiKTeX\tex/generic/pgf/basiclayer\pgfcorequi
ck.code.tex
File: pgfcorequick.code.tex 2021/05/15 v3.1.9a (3.1.9a)
)
(C:\Users\x\AppData\Local\Programs\MiKTeX\tex/generic/pgf/basiclayer\pgfcoreobj
ects.code.tex
File: pgfcoreobjects.code.tex 2021/05/15 v3.1.9a (3.1.9a)
)
(C:\Users\x\AppData\Local\Programs\MiKTeX\tex/generic/pgf/basiclayer\pgfcorepat
hprocessing.code.tex
File: pgfcorepathprocessing.code.tex 2021/05/15 v3.1.9a (3.1.9a)
)
(C:\Users\x\AppData\Local\Programs\MiKTeX\tex/generic/pgf/basiclayer\pgfcorearr
ows.code.tex
File: pgfcorearrows.code.tex 2021/05/15 v3.1.9a (3.1.9a)
\pgfarrowsep=\dimen184
)
(C:\Users\x\AppData\Local\Programs\MiKTeX\tex/generic/pgf/basiclayer\pgfcoresha
de.code.tex
File: pgfcoreshade.code.tex 2021/05/15 v3.1.9a (3.1.9a)
\pgf@max=\dimen185
\pgf@sys@shading@range@num=\count269
\pgf@shadingcount=\count270
)
(C:\Users\x\AppData\Local\Programs\MiKTeX\tex/generic/pgf/basiclayer\pgfcoreima
ge.code.tex
File: pgfcoreimage.code.tex 2021/05/15 v3.1.9a (3.1.9a)

(C:\Users\x\AppData\Local\Programs\MiKTeX\tex/generic/pgf/basiclayer\pgfcoreext
ernal.code.tex
File: pgfcoreexternal.code.tex 2021/05/15 v3.1.9a (3.1.9a)
\pgfexternal@startupbox=\box55
))
(C:\Users\x\AppData\Local\Programs\MiKTeX\tex/generic/pgf/basiclayer\pgfcorelay
ers.code.tex
File: pgfcorelayers.code.tex 2021/05/15 v3.1.9a (3.1.9a)
)
(C:\Users\x\AppData\Local\Programs\MiKTeX\tex/generic/pgf/basiclayer\pgfcoretra
nsparency.code.tex
File: pgfcoretransparency.code.tex 2021/05/15 v3.1.9a (3.1.9a)
)
(C:\Users\x\AppData\Local\Programs\MiKTeX\tex/generic/pgf/basiclayer\pgfcorepat
terns.code.tex
File: pgfcorepatterns.code.tex 2021/05/15 v3.1.9a (3.1.9a)
)
(C:\Users\x\AppData\Local\Programs\MiKTeX\tex/generic/pgf/basiclayer\pgfcorerdf
.code.tex
File: pgfcorerdf.code.tex 2021/05/15 v3.1.9a (3.1.9a)
)))
(C:\Users\x\AppData\Local\Programs\MiKTeX\tex/generic/pgf/modules\pgfmoduleshap
es.code.tex
File: pgfmoduleshapes.code.tex 2021/05/15 v3.1.9a (3.1.9a)
\pgfnodeparttextbox=\box56
)
(C:\Users\x\AppData\Local\Programs\MiKTeX\tex/generic/pgf/modules\pgfmoduleplot
.code.tex
File: pgfmoduleplot.code.tex 2021/05/15 v3.1.9a (3.1.9a)
)
(C:\Users\x\AppData\Local\Programs\MiKTeX\tex/latex/pgf/compatibility\pgfcomp-v
ersion-0-65.sty
Package: pgfcomp-version-0-65 2021/05/15 v3.1.9a (3.1.9a)
\pgf@nodesepstart=\dimen186
\pgf@nodesepend=\dimen187
)
(C:\Users\x\AppData\Local\Programs\MiKTeX\tex/latex/pgf/compatibility\pgfcomp-v
ersion-1-18.sty
Package: pgfcomp-version-1-18 2021/05/15 v3.1.9a (3.1.9a)
))
(C:\Users\x\AppData\Local\Programs\MiKTeX\tex/latex/pgf/utilities\pgffor.sty
(C:\Users\x\AppData\Local\Programs\MiKTeX\tex/latex/pgf/utilities\pgfkeys.sty
(C:\Users\x\AppData\Local\Programs\MiKTeX\tex/generic/pgf/utilities\pgfkeys.cod
e.tex))
(C:\Users\x\AppData\Local\Programs\MiKTeX\tex/latex/pgf/math\pgfmath.sty
(C:\Users\x\AppData\Local\Programs\MiKTeX\tex/generic/pgf/math\pgfmath.code.tex
))
(C:\Users\x\AppData\Local\Programs\MiKTeX\tex/generic/pgf/utilities\pgffor.code
.tex
Package: pgffor 2021/05/15 v3.1.9a (3.1.9a)

(C:\Users\x\AppData\Local\Programs\MiKTeX\tex/generic/pgf/math\pgfmath.code.tex
)
\pgffor@iter=\dimen188
\pgffor@skip=\dimen189
\pgffor@stack=\toks30
\pgffor@toks=\toks31
))
(C:\Users\x\AppData\Local\Programs\MiKTeX\tex/generic/pgf/frontendlayer/tikz\ti
kz.code.tex
Package: tikz 2021/05/15 v3.1.9a (3.1.9a)

(C:\Users\x\AppData\Local\Programs\MiKTeX\tex/generic/pgf/libraries\pgflibraryp
lothandlers.code.tex
File: pgflibraryplothandlers.code.tex 2021/05/15 v3.1.9a (3.1.9a)
\pgf@plot@mark@count=\count271
\pgfplotmarksize=\dimen190
)
\tikz@lastx=\dimen191
\tikz@lasty=\dimen192
\tikz@lastxsaved=\dimen193
\tikz@lastysaved=\dimen194
\tikz@lastmovetox=\dimen195
\tikz@lastmovetoy=\dimen196
\tikzleveldistance=\dimen197
\tikzsiblingdistance=\dimen198
\tikz@figbox=\box57
\tikz@figbox@bg=\box58
\tikz@tempbox=\box59
\tikz@tempbox@bg=\box60
\tikztreelevel=\count272
\tikznumberofchildren=\count273
\tikznumberofcurrentchild=\count274
\tikz@fig@count=\count275

(C:\Users\x\AppData\Local\Programs\MiKTeX\tex/generic/pgf/modules\pgfmodulematr
ix.code.tex
File: pgfmodulematrix.code.tex 2021/05/15 v3.1.9a (3.1.9a)
\pgfmatrixcurrentrow=\count276
\pgfmatrixcurrentcolumn=\count277
\pgf@matrix@numberofcolumns=\count278
)
\tikz@expandcount=\count279

(C:\Users\x\AppData\Local\Programs\MiKTeX\tex/generic/pgf/frontendlayer/tikz/li
braries\tikzlibrarytopaths.code.tex
File: tikzlibrarytopaths.code.tex 2021/05/15 v3.1.9a (3.1.9a)
)))
(C:\Users\x\AppData\Local\Programs\MiKTeX\tex/generic/pgf/frontendlayer/tikz/li
braries\tikzlibraryshapes.code.tex
File: tikzlibraryshapes.code.tex 2021/05/15 v3.1.9a (3.1.9a)

(C:\Users\x\AppData\Local\Programs\MiKTeX\tex/generic/pgf/frontendlayer/tikz/li
braries\tikzlibraryshapes.geometric.code.tex
File: tikzlibraryshapes.geometric.code.tex 2021/05/15 v3.1.9a (3.1.9a)

(C:\Users\x\AppData\Local\Programs\MiKTeX\tex/generic/pgf/libraries/shapes\pgfl
ibraryshapes.geometric.code.tex
File: pgflibraryshapes.geometric.code.tex 2021/05/15 v3.1.9a (3.1.9a)
))
(C:\Users\x\AppData\Local\Programs\MiKTeX\tex/generic/pgf/frontendlayer/tikz/li
braries\tikzlibraryshapes.misc.code.tex
File: tikzlibraryshapes.misc.code.tex 2021/05/15 v3.1.9a (3.1.9a)

(C:\Users\x\AppData\Local\Programs\MiKTeX\tex/generic/pgf/libraries/shapes\pgfl
ibraryshapes.misc.code.tex
File: pgflibraryshapes.misc.code.tex 2021/05/15 v3.1.9a (3.1.9a)
))
(C:\Users\x\AppData\Local\Programs\MiKTeX\tex/generic/pgf/frontendlayer/tikz/li
braries\tikzlibraryshapes.symbols.code.tex
File: tikzlibraryshapes.symbols.code.tex 2021/05/15 v3.1.9a (3.1.9a)

(C:\Users\x\AppData\Local\Programs\MiKTeX\tex/generic/pgf/libraries/shapes\pgfl
ibraryshapes.symbols.code.tex
File: pgflibraryshapes.symbols.code.tex 2021/05/15 v3.1.9a (3.1.9a)
))
(C:\Users\x\AppData\Local\Programs\MiKTeX\tex/generic/pgf/frontendlayer/tikz/li
braries\tikzlibraryshapes.arrows.code.tex
File: tikzlibraryshapes.arrows.code.tex 2021/05/15 v3.1.9a (3.1.9a)

(C:\Users\x\AppData\Local\Programs\MiKTeX\tex/generic/pgf/libraries/shapes\pgfl
ibraryshapes.arrows.code.tex
File: pgflibraryshapes.arrows.code.tex 2021/05/15 v3.1.9a (3.1.9a)
))
(C:\Users\x\AppData\Local\Programs\MiKTeX\tex/generic/pgf/frontendlayer/tikz/li
braries\tikzlibraryshapes.callouts.code.tex
(C:\Users\x\AppData\Local\Programs\MiKTeX\tex/generic/pgf/libraries/shapes\pgfl
ibraryshapes.callouts.code.tex))
(C:\Users\x\AppData\Local\Programs\MiKTeX\tex/generic/pgf/frontendlayer/tikz/li
braries\tikzlibraryshapes.multipart.code.tex
File: tikzlibraryshapes.multipart.code.tex 2021/05/15 v3.1.9a (3.1.9a)

(C:\Users\x\AppData\Local\Programs\MiKTeX\tex/generic/pgf/libraries/shapes\pgfl
ibraryshapes.multipart.code.tex
File: pgflibraryshapes.multipart.code.tex 2021/05/15 v3.1.9a (3.1.9a)
\pgfnodepartlowerbox=\box61
\pgfnodeparttwobox=\box62
\pgfnodepartthreebox=\box63
\pgfnodepartfourbox=\box64
\pgfnodeparttwentybox=\box65
\pgfnodepartnineteenbox=\box66
\pgfnodeparteighteenbox=\box67
\pgfnodepartseventeenbox=\box68
\pgfnodepartsixteenbox=\box69
\pgfnodepartfifteenbox=\box70
\pgfnodepartfourteenbox=\box71
\pgfnodepartthirteenbox=\box72
\pgfnodeparttwelvebox=\box73
\pgfnodepartelevenbox=\box74
\pgfnodeparttenbox=\box75
\pgfnodepartninebox=\box76
\pgfnodeparteightbox=\box77
\pgfnodepartsevenbox=\box78
\pgfnodepartsixbox=\box79
\pgfnodepartfivebox=\box80
)))
(C:\Users\x\AppData\Local\Programs\MiKTeX\tex/generic/pgf/frontendlayer/tikz/li
braries\tikzlibraryarrows.code.tex
File: tikzlibraryarrows.code.tex 2021/05/15 v3.1.9a (3.1.9a)

(C:\Users\x\AppData\Local\Programs\MiKTeX\tex/generic/pgf/libraries\pgflibrarya
rrows.code.tex
File: pgflibraryarrows.code.tex 2021/05/15 v3.1.9a (3.1.9a)
\arrowsize=\dimen199
))
(C:\Users\x\AppData\Local\Programs\MiKTeX\tex/latex/amsfonts\amsfonts.sty
Package: amsfonts 2013/01/14 v3.01 Basic AMSFonts support
\@emptytoks=\toks32
\symAMSa=\mathgroup4
\symAMSb=\mathgroup5
LaTeX Font Info:    Redeclaring math symbol \hbar on input line 98.
LaTeX Font Info:    Overwriting math alphabet `\mathfrak' in version `bold'
(Font)                  U/euf/m/n --> U/euf/b/n on input line 106.
)
(C:\Users\x\AppData\Local\Programs\MiKTeX\tex/latex/amsfonts\amssymb.sty
Package: amssymb 2013/01/14 v3.01 AMS font symbols
)
(C:\Users\x\AppData\Local\Programs\MiKTeX\tex/latex/amsmath\amsmath.sty
Package: amsmath 2021/04/20 v2.17j AMS math features
\@mathmargin=\skip49

For additional information on amsmath, use the `?' option.
(C:\Users\x\AppData\Local\Programs\MiKTeX\tex/latex/amsmath\amstext.sty
Package: amstext 2000/06/29 v2.01 AMS text

(C:\Users\x\AppData\Local\Programs\MiKTeX\tex/latex/amsmath\amsgen.sty
File: amsgen.sty 1999/11/30 v2.0 generic functions
\@emptytoks=\toks33
\ex@=\dimen256
))
(C:\Users\x\AppData\Local\Programs\MiKTeX\tex/latex/amsmath\amsbsy.sty
Package: amsbsy 1999/11/29 v1.2d Bold Symbols
\pmbraise@=\dimen257
)
(C:\Users\x\AppData\Local\Programs\MiKTeX\tex/latex/amsmath\amsopn.sty
Package: amsopn 2016/03/08 v2.02 operator names
)
\inf@bad=\count280
LaTeX Info: Redefining \frac on input line 234.
\uproot@=\count281
\leftroot@=\count282
LaTeX Info: Redefining \overline on input line 399.
\classnum@=\count283
\DOTSCASE@=\count284
LaTeX Info: Redefining \ldots on input line 496.
LaTeX Info: Redefining \dots on input line 499.
LaTeX Info: Redefining \cdots on input line 620.
\Mathstrutbox@=\box81
\strutbox@=\box82
\big@size=\dimen258
LaTeX Font Info:    Redeclaring font encoding OML on input line 743.
LaTeX Font Info:    Redeclaring font encoding OMS on input line 744.
\macc@depth=\count285
\c@MaxMatrixCols=\count286
\dotsspace@=\muskip16
\c@parentequation=\count287
\dspbrk@lvl=\count288
\tag@help=\toks34
\row@=\count289
\column@=\count290
\maxfields@=\count291
\andhelp@=\toks35
\eqnshift@=\dimen259
\alignsep@=\dimen260
\tagshift@=\dimen261
\tagwidth@=\dimen262
\totwidth@=\dimen263
\lineht@=\dimen264
\@envbody=\toks36
\multlinegap=\skip50
\multlinetaggap=\skip51
\mathdisplay@stack=\toks37
LaTeX Info: Redefining \[ on input line 2923.
LaTeX Info: Redefining \] on input line 2924.
)
(C:\Users\x\AppData\Local\Programs\MiKTeX\tex/latex/caption\caption.sty
Package: caption 2020/10/26 v3.5g Customizing captions (AR)

(C:\Users\x\AppData\Local\Programs\MiKTeX\tex/latex/caption\caption3.sty
Package: caption3 2020/10/21 v2.2e caption3 kernel (AR)
\captionmargin=\dimen265
\captionmargin@=\dimen266
\captionwidth=\dimen267
\caption@tempdima=\dimen268
\caption@indent=\dimen269
\caption@parindent=\dimen270
\caption@hangindent=\dimen271
Package caption Info: Standard document class detected.
)
\c@caption@flags=\count292
\c@continuedfloat=\count293
)
(C:\Users\x\AppData\Local\Programs\MiKTeX\tex/latex/caption\subcaption.sty
Package: subcaption 2020/10/07 v1.3j Sub-captions (AR)
\c@subfigure=\count294
\c@subtable=\count295
)
(C:\Users\x\AppData\Local\Programs\MiKTeX\tex/latex/url\url.sty
\Urlmuskip=\muskip17
Package: url 2013/09/16  ver 3.4  Verb mode for urls, etc.
)
(C:\Users\x\AppData\Local\Programs\MiKTeX\tex/latex/wrapfig\wrapfig.sty
\wrapoverhang=\dimen272
\WF@size=\dimen273
\c@WF@wrappedlines=\count296
\WF@box=\box83
\WF@everypar=\toks38
Package: wrapfig 2003/01/31  v 3.6
)
(C:\Users\x\AppData\Local\Programs\MiKTeX\tex/latex/parskip\parskip.sty
Package: parskip 2021-03-14 v2.0h non-zero parskip adjustments

(C:\Users\x\AppData\Local\Programs\MiKTeX\tex/latex/kvoptions\kvoptions.sty
Package: kvoptions 2020-10-07 v3.14 Key value format for package options (HO)

(C:\Users\x\AppData\Local\Programs\MiKTeX\tex/generic/ltxcmds\ltxcmds.sty
Package: ltxcmds 2020-05-10 v1.25 LaTeX kernel commands for general use (HO)
)
(C:\Users\x\AppData\Local\Programs\MiKTeX\tex/generic/kvsetkeys\kvsetkeys.sty
Package: kvsetkeys 2019/12/15 v1.18 Key value parser (HO)
)) (C:\Users\x\AppData\Local\Programs\MiKTeX\tex/latex/etoolbox\etoolbox.sty
Package: etoolbox 2020/10/05 v2.5k e-TeX tools for LaTeX (JAW)
\etb@tempcnta=\count297
))
(C:\Users\x\AppData\Local\Programs\MiKTeX\tex/latex/booktabs\booktabs.sty
Package: booktabs 2020/01/12 v1.61803398 Publication quality tables
\heavyrulewidth=\dimen274
\lightrulewidth=\dimen275
\cmidrulewidth=\dimen276
\belowrulesep=\dimen277
\belowbottomsep=\dimen278
\aboverulesep=\dimen279
\abovetopsep=\dimen280
\cmidrulesep=\dimen281
\cmidrulekern=\dimen282
\defaultaddspace=\dimen283
\@cmidla=\count298
\@cmidlb=\count299
\@aboverulesep=\dimen284
\@belowrulesep=\dimen285
\@thisruleclass=\count300
\@lastruleclass=\count301
\@thisrulewidth=\dimen286
)
(C:\Users\x\AppData\Local\Programs\MiKTeX\tex/latex/hyperref\hyperref.sty
Package: hyperref 2021-06-05 v7.00l Hypertext links for LaTeX

(C:\Users\x\AppData\Local\Programs\MiKTeX\tex/generic/pdftexcmds\pdftexcmds.sty
Package: pdftexcmds 2020-06-27 v0.33 Utility functions of pdfTeX for LuaTeX (HO
)
(C:\Users\x\AppData\Local\Programs\MiKTeX\tex/generic/infwarerr\infwarerr.sty
Package: infwarerr 2019/12/03 v1.5 Providing info/warning/error messages (HO)
)
Package pdftexcmds Info: \pdf@primitive is available.
Package pdftexcmds Info: \pdf@ifprimitive is available.
Package pdftexcmds Info: \pdfdraftmode found.
)
(C:\Users\x\AppData\Local\Programs\MiKTeX\tex/generic/kvdefinekeys\kvdefinekeys
.sty
Package: kvdefinekeys 2019-12-19 v1.6 Define keys (HO)
)
(C:\Users\x\AppData\Local\Programs\MiKTeX\tex/generic/pdfescape\pdfescape.sty
Package: pdfescape 2019/12/09 v1.15 Implements pdfTeX's escape features (HO)
)
(C:\Users\x\AppData\Local\Programs\MiKTeX\tex/latex/hycolor\hycolor.sty
Package: hycolor 2020-01-27 v1.10 Color options for hyperref/bookmark (HO)
)
(C:\Users\x\AppData\Local\Programs\MiKTeX\tex/latex/letltxmacro\letltxmacro.sty
Package: letltxmacro 2019/12/03 v1.6 Let assignment for LaTeX macros (HO)
) (C:\Users\x\AppData\Local\Programs\MiKTeX\tex/latex/auxhook\auxhook.sty
Package: auxhook 2019-12-17 v1.6 Hooks for auxiliary files (HO)
)
\@linkdim=\dimen287
\Hy@linkcounter=\count302
\Hy@pagecounter=\count303

(C:\Users\x\AppData\Local\Programs\MiKTeX\tex/latex/hyperref\pd1enc.def
File: pd1enc.def 2021-06-05 v7.00l Hyperref: PDFDocEncoding definition (HO)
Now handling font encoding PD1 ...
... no UTF-8 mapping file for font encoding PD1
)
(C:\Users\x\AppData\Local\Programs\MiKTeX\tex/latex/hyperref\hyperref-langpatch
es.def
File: hyperref-langpatches.def 2021-06-05 v7.00l Hyperref: patches for babel la
nguages
)
(C:\Users\x\AppData\Local\Programs\MiKTeX\tex/generic/intcalc\intcalc.sty
Package: intcalc 2019/12/15 v1.3 Expandable calculations with integers (HO)
)
(C:\Users\x\AppData\Local\Programs\MiKTeX\tex/generic/etexcmds\etexcmds.sty
Package: etexcmds 2019/12/15 v1.7 Avoid name clashes with e-TeX commands (HO)
)
\Hy@SavedSpaceFactor=\count304

(C:\Users\x\AppData\Local\Programs\MiKTeX\tex/latex/hyperref\puenc.def
File: puenc.def 2021-06-05 v7.00l Hyperref: PDF Unicode definition (HO)
Now handling font encoding PU ...
... no UTF-8 mapping file for font encoding PU
)
Package hyperref Info: Hyper figures OFF on input line 4192.
Package hyperref Info: Link nesting OFF on input line 4197.
Package hyperref Info: Hyper index ON on input line 4200.
Package hyperref Info: Plain pages OFF on input line 4207.
Package hyperref Info: Backreferencing OFF on input line 4212.
Package hyperref Info: Implicit mode ON; LaTeX internals redefined.
Package hyperref Info: Bookmarks ON on input line 4445.
\c@Hy@tempcnt=\count305
LaTeX Info: Redefining \url on input line 4804.
\XeTeXLinkMargin=\dimen288

(C:\Users\x\AppData\Local\Programs\MiKTeX\tex/generic/bitset\bitset.sty
Package: bitset 2019/12/09 v1.3 Handle bit-vector datatype (HO)

(C:\Users\x\AppData\Local\Programs\MiKTeX\tex/generic/bigintcalc\bigintcalc.sty
Package: bigintcalc 2019/12/15 v1.5 Expandable calculations on big integers (HO
)
))
\Fld@menulength=\count306
\Field@Width=\dimen289
\Fld@charsize=\dimen290
Package hyperref Info: Hyper figures OFF on input line 6076.
Package hyperref Info: Link nesting OFF on input line 6081.
Package hyperref Info: Hyper index ON on input line 6084.
Package hyperref Info: backreferencing OFF on input line 6091.
Package hyperref Info: Link coloring OFF on input line 6096.
Package hyperref Info: Link coloring with OCG OFF on input line 6101.
Package hyperref Info: PDF/A mode OFF on input line 6106.
LaTeX Info: Redefining \ref on input line 6146.
LaTeX Info: Redefining \pageref on input line 6150.
 (C:\Users\x\AppData\Local\Programs\MiKTeX\tex/latex/base\atbegshi-ltx.sty
Package: atbegshi-ltx 2021/01/10 v1.0c Emulation of the original atbegshi
package with kernel methods
)
\Hy@abspage=\count307
\c@Item=\count308
\c@Hfootnote=\count309
)
Package hyperref Info: Driver (autodetected): hpdftex.

(C:\Users\x\AppData\Local\Programs\MiKTeX\tex/latex/hyperref\hpdftex.def
File: hpdftex.def 2021-06-05 v7.00l Hyperref driver for pdfTeX

(C:\Users\x\AppData\Local\Programs\MiKTeX\tex/latex/base\atveryend-ltx.sty
Package: atveryend-ltx 2020/08/19 v1.0a Emulation of the original atvery packag
e
with kernel methods
)
\Fld@listcount=\count310
\c@bookmark@seq@number=\count311

(C:\Users\x\AppData\Local\Programs\MiKTeX\tex/latex/rerunfilecheck\rerunfileche
ck.sty
Package: rerunfilecheck 2019/12/05 v1.9 Rerun checks for auxiliary files (HO)

(C:\Users\x\AppData\Local\Programs\MiKTeX\tex/generic/uniquecounter\uniquecount
er.sty
Package: uniquecounter 2019/12/15 v1.4 Provide unlimited unique counter (HO)
)
Package uniquecounter Info: New unique counter `rerunfilecheck' on input line 2
86.
)
\Hy@SectionHShift=\skip52
)
(C:\Users\x\AppData\Local\Programs\MiKTeX\tex/latex/l3backend\l3backend-pdftex.
def
File: l3backend-pdftex.def 2021-05-07 L3 backend support: PDF output (pdfTeX)
\l__color_backend_stack_int=\count312
\l__pdf_internal_box=\box84
) (Pattern Recognition.aux)
\openout1 = `"Pattern Recognition.aux"'.

LaTeX Font Info:    Checking defaults for OML/cmm/m/it on input line 38.
LaTeX Font Info:    ... okay on input line 38.
LaTeX Font Info:    Checking defaults for OMS/cmsy/m/n on input line 38.
LaTeX Font Info:    ... okay on input line 38.
LaTeX Font Info:    Checking defaults for OT1/cmr/m/n on input line 38.
LaTeX Font Info:    ... okay on input line 38.
LaTeX Font Info:    Checking defaults for T1/cmr/m/n on input line 38.
LaTeX Font Info:    ... okay on input line 38.
LaTeX Font Info:    Checking defaults for TS1/cmr/m/n on input line 38.
LaTeX Font Info:    ... okay on input line 38.
LaTeX Font Info:    Checking defaults for OMX/cmex/m/n on input line 38.
LaTeX Font Info:    ... okay on input line 38.
LaTeX Font Info:    Checking defaults for U/cmr/m/n on input line 38.
LaTeX Font Info:    ... okay on input line 38.
LaTeX Font Info:    Checking defaults for PD1/pdf/m/n on input line 38.
LaTeX Font Info:    ... okay on input line 38.
LaTeX Font Info:    Checking defaults for PU/pdf/m/n on input line 38.
LaTeX Font Info:    ... okay on input line 38.

(C:\Users\x\AppData\Local\Programs\MiKTeX\tex/context/base/mkii\supp-pdf.mkii
[Loading MPS to PDF converter (version 2006.09.02).]
\scratchcounter=\count313
\scratchdimen=\dimen291
\scratchbox=\box85
\nofMPsegments=\count314
\nofMParguments=\count315
\everyMPshowfont=\toks39
\MPscratchCnt=\count316
\MPscratchDim=\dimen292
\MPnumerator=\count317
\makeMPintoPDFobject=\count318
\everyMPtoPDFconversion=\toks40
)
(C:\Users\x\AppData\Local\Programs\MiKTeX\tex/latex/epstopdf-pkg\epstopdf-base.
sty
Package: epstopdf-base 2020-01-24 v2.11 Base part for package epstopdf
Package epstopdf-base Info: Redefining graphics rule for `.eps' on input line 4
85.

(C:\Users\x\AppData\Local\Programs\MiKTeX\tex/latex/00miktex\epstopdf-sys.cfg
File: epstopdf-sys.cfg 2021/03/18 v2.0 Configuration of epstopdf for MiKTeX
))
*geometry* driver: auto-detecting
*geometry* detected driver: pdftex
*geometry* verbose mode - [ preamble ] result:
* driver: pdftex
* paper: a4paper
* layout: <same size as paper>
* layoutoffset:(h,v)=(0.0pt,0.0pt)
* modes: 
* h-part:(L,W,R)=(71.13188pt, 455.24411pt, 71.13188pt)
* v-part:(T,H,B)=(56.9055pt, 731.23584pt, 56.9055pt)
* \paperwidth=597.50787pt
* \paperheight=845.04684pt
* \textwidth=455.24411pt
* \textheight=731.23584pt
* \oddsidemargin=-1.1381pt
* \evensidemargin=-1.1381pt
* \topmargin=-52.36449pt
* \headheight=12.0pt
* \headsep=25.0pt
* \topskip=10.0pt
* \footskip=30.0pt
* \marginparwidth=65.0pt
* \marginparsep=11.0pt
* \columnsep=10.0pt
* \skip\footins=9.0pt plus 4.0pt minus 2.0pt
* \hoffset=0.0pt
* \voffset=0.0pt
* \mag=1000
* \@twocolumnfalse
* \@twosidefalse
* \@mparswitchfalse
* \@reversemarginfalse
* (1in=72.27pt=25.4mm, 1cm=28.453pt)

Package caption Info: Begin \AtBeginDocument code.
Package caption Info: hyperref package is loaded.
Package caption Info: wrapfig package is loaded.
Package caption Info: End \AtBeginDocument code.
Package hyperref Info: Link coloring OFF on input line 38.
(C:\Users\x\AppData\Local\Programs\MiKTeX\tex/latex/hyperref\nameref.sty
Package: nameref 2021-04-02 v2.47 Cross-referencing by name of section

(C:\Users\x\AppData\Local\Programs\MiKTeX\tex/latex/refcount\refcount.sty
Package: refcount 2019/12/15 v3.6 Data extraction from label references (HO)
)
(C:\Users\x\AppData\Local\Programs\MiKTeX\tex/generic/gettitlestring\gettitlest
ring.sty
Package: gettitlestring 2019/12/15 v1.6 Cleanup title references (HO)
)
\c@section@level=\count319
)
LaTeX Info: Redefining \ref on input line 38.
LaTeX Info: Redefining \pageref on input line 38.
LaTeX Info: Redefining \nameref on input line 38.
 (Pattern Recognition.out) (Pattern Recognition.out)
\@outlinefile=\write4
\openout4 = `"Pattern Recognition.out"'.

LaTeX Font Info:    Trying to load font information for U+msa on input line 41.


(C:\Users\x\AppData\Local\Programs\MiKTeX\tex/latex/amsfonts\umsa.fd
File: umsa.fd 2013/01/14 v3.01 AMS symbols A
)
LaTeX Font Info:    Trying to load font information for U+msb on input line 41.


(C:\Users\x\AppData\Local\Programs\MiKTeX\tex/latex/amsfonts\umsb.fd
File: umsb.fd 2013/01/14 v3.01 AMS symbols B
)
Underfull \hbox (badness 10000) in paragraph at lines 47--67

 []


Underfull \hbox (badness 10000) in paragraph at lines 47--67

 []

[1

{C:/Users/x/AppData/Local/MiKTeX/pdftex/config/pdftex.map}]
<Grafico.png, id=69, 169.38281pt x 155.83218pt>
File: Grafico.png Graphic file (type png)
<use Grafico.png>
Package pdftex.def Info: Grafico.png  used on input line 93.
(pdftex.def)             Requested size: 182.09486pt x 167.53297pt.
 [2 <./Grafico.png>]
Underfull \hbox (badness 10000) in paragraph at lines 106--110

 []


Underfull \hbox (badness 10000) in paragraph at lines 119--127

 []


Underfull \hbox (badness 10000) in paragraph at lines 119--127

 []


Underfull \hbox (badness 10000) in paragraph at lines 119--127

 []

<Performance_CNN.png, id=93, 413.29407pt x 146.79843pt>
File: Performance_CNN.png Graphic file (type png)
<use Performance_CNN.png>
Package pdftex.def Info: Performance_CNN.png  used on input line 134.
(pdftex.def)             Requested size: 318.66948pt x 113.18968pt.

Underfull \hbox (badness 10000) in paragraph at lines 145--155

 []

[3 <./Performance_CNN.png>]
<Performance_age.png, id=118, 237.13594pt x 106.14656pt>
File: Performance_age.png Graphic file (type png)
<use Performance_age.png>
Package pdftex.def Info: Performance_age.png  used on input line 193.
(pdftex.def)             Requested size: 227.62206pt x 101.89143pt.
<Performance_comparison.png, id=123, 374.90062pt x 140.02313pt>
File: Performance_comparison.png Graphic file (type png)
<use Performance_comparison.png>
Package pdftex.def Info: Performance_comparison.png  used on input line 205.
(pdftex.def)             Requested size: 318.66948pt x 119.02876pt.

Underfull \hbox (badness 10000) in paragraph at lines 162--210

 []

[4 <./Performance_age.png>]
<Tab.png, id=136, 359.84438pt x 140.02313pt>
File: Tab.png Graphic file (type png)
<use Tab.png>
Package pdftex.def Info: Tab.png  used on input line 220.
(pdftex.def)             Requested size: 318.66948pt x 124.01126pt.

Underfull \hbox (badness 10000) in paragraph at lines 212--224

 []


Underfull \hbox (badness 10000) in paragraph at lines 227--243

 []

<Table.png, id=141, 423.08063pt x 137.01187pt>
File: Table.png Graphic file (type png)
<use Table.png>
Package pdftex.def Info: Table.png  used on input line 246.
(pdftex.def)             Requested size: 318.66948pt x 103.20186pt.

LaTeX Warning: `h' float specifier changed to `ht'.

[5 <./Performance_comparison.png> <./Tab.png>] [6 <./Table.png>]
Underfull \hbox (badness 10000) in paragraph at lines 338--342

 []

<FastSurfer.png, id=160, 520.344pt x 243.5499pt>
File: FastSurfer.png Graphic file (type png)
<use FastSurfer.png>
Package pdftex.def Info: FastSurfer.png  used on input line 351.
(pdftex.def)             Requested size: 318.66948pt x 149.16353pt.
<Execution_times.png, id=165, 424.58624pt x 123.46124pt>
File: Execution_times.png Graphic file (type png)
<use Execution_times.png>
Package pdftex.def Info: Execution_times.png  used on input line 362.
(pdftex.def)             Requested size: 318.66948pt x 92.66727pt.
<FastSurfer performances.png, id=170, 730.6497pt x 381.5856pt>
File: FastSurfer performances.png Graphic file (type png)
<use FastSurfer performances.png>
Package pdftex.def Info: FastSurfer performances.png  used on input line 371.
(pdftex.def)             Requested size: 455.24411pt x 237.75676pt.

LaTeX Warning: `h' float specifier changed to `ht'.

[7 <./FastSurfer.png> <./Execution_times.png>] [8 <./FastSurfer performances.pn
g>]
Underfull \hbox (badness 10000) in paragraph at lines 420--428

 []


Underfull \hbox (badness 10000) in paragraph at lines 420--428

 []


Underfull \hbox (badness 10000) in paragraph at lines 438--442

 []


Underfull \hbox (badness 10000) in paragraph at lines 449--454

 []

[9] [10]
<Sum differences 2011 (axial).png, id=208, 1626.075pt x 918.5517pt>
File: Sum differences 2011 (axial).png Graphic file (type png)
<use Sum differences 2011 (axial).png>
Package pdftex.def Info: Sum differences 2011 (axial).png  used on input line 5
28.
(pdftex.def)             Requested size: 455.24411pt x 257.15067pt.
<Sum differences 2011 (coronal).png, id=209, 1626.075pt x 911.3247pt>
File: Sum differences 2011 (coronal).png Graphic file (type png)
<use Sum differences 2011 (coronal).png>
Package pdftex.def Info: Sum differences 2011 (coronal).png  used on input line
 535.
(pdftex.def)             Requested size: 455.24411pt x 255.12746pt.
 [11 <./Sum differences 2011 (axial).png> <./Sum differences 2011 (coronal).png
>]
<Sum differences 2011 (sagittal).png, id=221, 1626.075pt x 924.3333pt>
File: Sum differences 2011 (sagittal).png Graphic file (type png)
<use Sum differences 2011 (sagittal).png>
Package pdftex.def Info: Sum differences 2011 (sagittal).png  used on input lin
e 546.
(pdftex.def)             Requested size: 455.24411pt x 258.76924pt.
<pixel_diversi_ax_2011.png, id=225, 1503.216pt x 903.375pt>
File: pixel_diversi_ax_2011.png Graphic file (type png)
<use pixel_diversi_ax_2011.png>
Package pdftex.def Info: pixel_diversi_ax_2011.png  used on input line 566.
(pdftex.def)             Requested size: 341.43307pt x 205.18042pt.
<pixel_diversi_cor_2011.png, id=226, 1493.8209pt x 911.3247pt>
File: pixel_diversi_cor_2011.png Graphic file (type png)
<use pixel_diversi_cor_2011.png>
Package pdftex.def Info: pixel_diversi_cor_2011.png  used on input line 572.
(pdftex.def)             Requested size: 341.43307pt x 208.29314pt.
<pixel_diversi_sag_2011.png, id=227, 1492.3755pt x 900.4842pt>
File: pixel_diversi_sag_2011.png Graphic file (type png)
<use pixel_diversi_sag_2011.png>
Package pdftex.def Info: pixel_diversi_sag_2011.png  used on input line 578.
(pdftex.def)             Requested size: 341.43307pt x 206.00778pt.


LaTeX Warning: `!h' float specifier changed to `!ht'.


LaTeX Warning: `!h' float specifier changed to `!ht'.


LaTeX Warning: `!h' float specifier changed to `!ht'.

[12 <./Sum differences 2011 (sagittal).png>]

LaTeX Warning: Text page 13 contains only floats.

[13 <./pixel_diversi_ax_2011.png> <./pixel_diversi_cor_2011.png> <./pixel_diver
si_sag_2011.png>]
<slice_z_98_B_2011_prova.png, id=246, 409.0482pt x 381.5856pt>
File: slice_z_98_B_2011_prova.png Graphic file (type png)
<use slice_z_98_B_2011_prova.png>
Package pdftex.def Info: slice_z_98_B_2011_prova.png  used on input line 594.
(pdftex.def)             Requested size: 204.85846pt x 191.1009pt.
<slice_z_160_B_2011_prova.png, id=247, 410.4936pt x 383.7537pt>
File: slice_z_160_B_2011_prova.png Graphic file (type png)
<use slice_z_160_B_2011_prova.png>
Package pdftex.def Info: slice_z_160_B_2011_prova.png  used on input line 597.
(pdftex.def)             Requested size: 204.85846pt x 191.51332pt.
<barra_colori_differenze.png, id=248, 90.3375pt x 383.7537pt>
File: barra_colori_differenze.png Graphic file (type png)
<use barra_colori_differenze.png>
Package pdftex.def Info: barra_colori_differenze.png  used on input line 599.
(pdftex.def)             Requested size: 36.42035pt x 154.71086pt.
<slice_x_137_B_2011.png, id=250, 602.25pt x 451.6875pt>
File: slice_x_137_B_2011.png Graphic file (type png)
<use slice_x_137_B_2011.png>
Package pdftex.def Info: slice_x_137_B_2011.png  used on input line 616.
(pdftex.def)             Requested size: 318.66948pt x 239.00726pt.
 [14 <./slice_z_98_B_2011_prova.png> <./slice_z_160_B_2011_prova.png> <./barra_
colori_differenze.png> <./slice_x_137_B_2011.png>]
<slice_y_117_B_2011.png, id=261, 578.16pt x 433.62pt>
File: slice_y_117_B_2011.png Graphic file (type png)
<use slice_y_117_B_2011.png>
Package pdftex.def Info: slice_y_117_B_2011.png  used on input line 627.
(pdftex.def)             Requested size: 318.66948pt x 239.0012pt.

Underfull \hbox (badness 10000) in paragraph at lines 621--636

 []

<slice_z_148_A_2011.png, id=263, 401.8212pt x 381.5856pt>
File: slice_z_148_A_2011.png Graphic file (type png)
<use slice_z_148_A_2011.png>
Package pdftex.def Info: slice_z_148_A_2011.png  used on input line 644.
(pdftex.def)             Requested size: 204.85846pt x 194.54202pt.
<slice_z_148_C_2011.png, id=264, 408.3255pt x 383.031pt>
File: slice_z_148_C_2011.png Graphic file (type png)
<use slice_z_148_C_2011.png>
Package pdftex.def Info: slice_z_148_C_2011.png  used on input line 647.
(pdftex.def)             Requested size: 204.85846pt x 192.16962pt.
File: barra_colori_differenze.png Graphic file (type png)
<use barra_colori_differenze.png>
Package pdftex.def Info: barra_colori_differenze.png  used on input line 649.
(pdftex.def)             Requested size: 36.42035pt x 154.71086pt.
[15 <./slice_y_117_B_2011.png> <./slice_z_148_A_2011.png> <./slice_z_148_C_2011
.png>]
<slice_z_137_A_2011.png, id=277, 426.84468pt x 399.74344pt>
File: slice_z_137_A_2011.png Graphic file (type png)
<use slice_z_137_A_2011.png>
Package pdftex.def Info: slice_z_137_A_2011.png  used on input line 659.
(pdftex.def)             Requested size: 204.85846pt x 191.85635pt.
<slice_z_137_C_2011.png, id=278, 429.85594pt x 400.49625pt>
File: slice_z_137_C_2011.png Graphic file (type png)
<use slice_z_137_C_2011.png>
Package pdftex.def Info: slice_z_137_C_2011.png  used on input line 662.
(pdftex.def)             Requested size: 204.85846pt x 190.86713pt.
File: barra_colori_differenze.png Graphic file (type png)
<use barra_colori_differenze.png>
Package pdftex.def Info: barra_colori_differenze.png  used on input line 664.
(pdftex.def)             Requested size: 36.42035pt x 154.71086pt.
<slice_z_138_A_2012.png, id=279, 426.84468pt x 398.99063pt>
File: slice_z_138_A_2012.png Graphic file (type png)
<use slice_z_138_A_2012.png>
Package pdftex.def Info: slice_z_138_A_2012.png  used on input line 674.
(pdftex.def)             Requested size: 204.85846pt x 191.49506pt.
<slice_z_138_C_2012.png, id=280, 429.85594pt x 404.26031pt>
File: slice_z_138_C_2012.png Graphic file (type png)
<use slice_z_138_C_2012.png>
Package pdftex.def Info: slice_z_138_C_2012.png  used on input line 677.
(pdftex.def)             Requested size: 204.85846pt x 192.661pt.
File: barra_colori_differenze.png Graphic file (type png)
<use barra_colori_differenze.png>
Package pdftex.def Info: barra_colori_differenze.png  used on input line 679.
(pdftex.def)             Requested size: 36.42035pt x 154.71086pt.
<slice_z_142_A_2013.png, id=281, 425.33907pt x 400.49625pt>
File: slice_z_142_A_2013.png Graphic file (type png)
<use slice_z_142_A_2013.png>
Package pdftex.def Info: slice_z_142_A_2013.png  used on input line 687.
(pdftex.def)             Requested size: 204.85846pt x 192.89601pt.
<slice_z_142_C_2013.png, id=282, 429.85594pt x 397.485pt>
File: slice_z_142_C_2013.png Graphic file (type png)
<use slice_z_142_C_2013.png>
Package pdftex.def Info: slice_z_142_C_2013.png  used on input line 690.
(pdftex.def)             Requested size: 204.85846pt x 189.43204pt.
File: barra_colori_differenze.png Graphic file (type png)
<use barra_colori_differenze.png>
Package pdftex.def Info: barra_colori_differenze.png  used on input line 692.
(pdftex.def)             Requested size: 36.42035pt x 154.71086pt.
<slice_x_141_A_2011.png, id=284, 409.0482pt x 385.9218pt>
File: slice_x_141_A_2011.png Graphic file (type png)
<use slice_x_141_A_2011.png>
Package pdftex.def Info: slice_x_141_A_2011.png  used on input line 705.
(pdftex.def)             Requested size: 204.85846pt x 193.27252pt.
<slice_x_141_C_2011.png, id=285, 423.83344pt x 403.5075pt>
File: slice_x_141_C_2011.png Graphic file (type png)
<use slice_x_141_C_2011.png>
Package pdftex.def Info: slice_x_141_C_2011.png  used on input line 708.
(pdftex.def)             Requested size: 204.85846pt x 195.03593pt.
File: barra_colori_differenze.png Graphic file (type png)
<use barra_colori_differenze.png>
Package pdftex.def Info: barra_colori_differenze.png  used on input line 710.
(pdftex.def)             Requested size: 36.42035pt x 154.71086pt.

Underfull \hbox (badness 10000) in paragraph at lines 655--720

 []


Underfull \hbox (badness 10000) in paragraph at lines 655--720

 []


LaTeX Warning: `!h' float specifier changed to `!ht'.


LaTeX Warning: `!h' float specifier changed to `!ht'.

<slice_y_121_A_2011.png, id=287, 412.6617pt x 382.3083pt>
File: slice_y_121_A_2011.png Graphic file (type png)
<use slice_y_121_A_2011.png>
Package pdftex.def Info: slice_y_121_A_2011.png  used on input line 724.
(pdftex.def)             Requested size: 204.85846pt x 189.78862pt.
<slice_y_121_C_2011.png, id=288, 406.8801pt x 382.3083pt>
File: slice_y_121_C_2011.png Graphic file (type png)
<use slice_y_121_C_2011.png>
Package pdftex.def Info: slice_y_121_C_2011.png  used on input line 727.
(pdftex.def)             Requested size: 204.85846pt x 192.48372pt.
File: barra_colori_differenze.png Graphic file (type png)
<use barra_colori_differenze.png>
Package pdftex.def Info: barra_colori_differenze.png  used on input line 729.
(pdftex.def)             Requested size: 36.42035pt x 154.71086pt.

LaTeX Warning: `!h' float specifier changed to `!ht'.

[16 <./slice_z_137_A_2011.png> <./slice_z_137_C_2011.png> <./slice_z_138_A_2012
.png> <./slice_z_138_C_2012.png>]

LaTeX Warning: Text page 17 contains only floats.

[17 <./slice_z_142_A_2013.png> <./slice_z_142_C_2013.png> <./slice_x_141_A_2011
.png> <./slice_x_141_C_2011.png> <./slice_y_121_A_2011.png> <./slice_y_121_C_20
11.png>]
<sagittal_view_13_2011.png, id=308, 325.215pt x 309.3156pt>
File: sagittal_view_13_2011.png Graphic file (type png)
<use sagittal_view_13_2011.png>
Package pdftex.def Info: sagittal_view_13_2011.png  used on input line 760.
(pdftex.def)             Requested size: 182.09486pt x 173.19667pt.
<sagittal_view_13_other_2011.png, id=309, 325.9377pt x 310.0383pt>
File: sagittal_view_13_other_2011.png Graphic file (type png)
<use sagittal_view_13_other_2011.png>
Package pdftex.def Info: sagittal_view_13_other_2011.png  used on input line 76
3.
(pdftex.def)             Requested size: 182.09486pt x 173.21814pt.
<bottom_13_2011.png, id=310, 365.05986pt x 356.38747pt>
File: bottom_13_2011.png Graphic file (type png)
<use bottom_13_2011.png>
Package pdftex.def Info: bottom_13_2011.png  used on input line 766.
(pdftex.def)             Requested size: 204.85846pt x 199.99434pt.
<sagittal_view_13_2012.png, id=311, 326.6604pt x 309.3156pt>
File: sagittal_view_13_2012.png Graphic file (type png)
<use sagittal_view_13_2012.png>
Package pdftex.def Info: sagittal_view_13_2012.png  used on input line 786.
(pdftex.def)             Requested size: 150.23138pt x 142.25386pt.
<sagittal_view_13_other_2012.png, id=312, 327.3831pt x 311.4837pt>
File: sagittal_view_13_other_2012.png Graphic file (type png)
<use sagittal_view_13_other_2012.png>
Package pdftex.def Info: sagittal_view_13_other_2012.png  used on input line 78
9.
(pdftex.def)             Requested size: 150.23138pt x 142.93727pt.
<bottom_13_2012.png, id=313, 346.36601pt x 340.53624pt>
File: bottom_13_2012.png Graphic file (type png)
<use bottom_13_2012.png>
Package pdftex.def Info: bottom_13_2012.png  used on input line 792.
(pdftex.def)             Requested size: 168.4381pt x 165.60155pt.
<sagittal_view_13_2013.png, id=314, 325.9377pt x 307.8702pt>
File: sagittal_view_13_2013.png Graphic file (type png)
<use sagittal_view_13_2013.png>
Package pdftex.def Info: sagittal_view_13_2013.png  used on input line 799.
(pdftex.def)             Requested size: 150.23138pt x 141.90855pt.
<sagittal_view_13_other_2013.png, id=315, 324.4923pt x 309.3156pt>
File: sagittal_view_13_other_2013.png Graphic file (type png)
<use sagittal_view_13_other_2013.png>
Package pdftex.def Info: sagittal_view_13_other_2013.png  used on input line 80
2.
(pdftex.def)             Requested size: 150.23138pt x 143.20724pt.
<bottom_13_2013.png, id=316, 349.73862pt x 347.47417pt>
File: bottom_13_2013.png Graphic file (type png)
<use bottom_13_2013.png>
Package pdftex.def Info: bottom_13_2013.png  used on input line 805.
(pdftex.def)             Requested size: 168.4381pt x 167.34772pt.
<sagittal_view_23_2011.png, id=317, 336.0555pt x 322.3242pt>
File: sagittal_view_23_2011.png Graphic file (type png)
<use sagittal_view_23_2011.png>
Package pdftex.def Info: sagittal_view_23_2011.png  used on input line 814.
(pdftex.def)             Requested size: 182.09486pt x 174.65741pt.
<sagittal_view_23_other_2011.png, id=318, 351.2322pt x 320.8788pt>
File: sagittal_view_23_other_2011.png Graphic file (type png)
<use sagittal_view_23_other_2011.png>
Package pdftex.def Info: sagittal_view_23_other_2011.png  used on input line 81
7.
(pdftex.def)             Requested size: 182.09486pt x 166.3634pt.
<bottom_23_2011.png, id=319, 351.52129pt x 344.34245pt>
File: bottom_23_2011.png Graphic file (type png)
<use bottom_23_2011.png>
Package pdftex.def Info: bottom_23_2011.png  used on input line 820.
(pdftex.def)             Requested size: 204.85846pt x 200.67503pt.

Underfull \hbox (badness 10000) in paragraph at lines 746--830

 []


Underfull \hbox (badness 10000) in paragraph at lines 746--830

 []


Underfull \hbox (badness 10000) in paragraph at lines 746--830

 []


Underfull \hbox (badness 10000) in paragraph at lines 746--830

 []


Underfull \hbox (badness 10000) in paragraph at lines 746--830

 []


Underfull \hbox (badness 10000) in paragraph at lines 746--830

 []


Underfull \hbox (badness 10000) in paragraph at lines 746--830

 []


Underfull \hbox (badness 10000) in paragraph at lines 746--830

 []


Underfull \hbox (badness 10000) in paragraph at lines 746--830

 []


Underfull \hbox (badness 10000) in paragraph at lines 746--830

 []


Underfull \hbox (badness 10000) in paragraph at lines 746--830

 []


Underfull \hbox (badness 10000) in paragraph at lines 746--830

 []


Underfull \hbox (badness 10000) in paragraph at lines 746--830

 []


Underfull \hbox (badness 10000) in paragraph at lines 746--830

 []


Underfull \hbox (badness 10000) in paragraph at lines 746--830

 []


Underfull \hbox (badness 10000) in paragraph at lines 746--830

 []


Underfull \hbox (badness 10000) in paragraph at lines 746--830

 []


Underfull \hbox (badness 10000) in paragraph at lines 746--830

 []

[18 <./sagittal_view_13_2011.png> <./sagittal_view_13_other_2011.png> <./bottom
_13_2011.png>] [19 <./sagittal_view_13_2012.png> <./sagittal_view_13_other_2012
.png> <./bottom_13_2012.png> <./sagittal_view_13_2013.png> <./sagittal_view_13_
other_2013.png> <./bottom_13_2013.png>] [20 <./sagittal_view_23_2011.png> <./sa
gittal_view_23_other_2011.png> <./bottom_23_2011.png>] [21]
(Pattern Recognition.bbl) [22] (Pattern Recognition.aux)
Package rerunfilecheck Info: File `"Pattern Recognition".out' has not changed.
(rerunfilecheck)             Checksum: E12C1743FDDE7D2FFFF6BE3D1F493718;1558.
 ) 
Here is how much of TeX's memory you used:
 24357 strings out of 478864
 473118 string characters out of 2850556
 782340 words of memory out of 3000000
 41740 multiletter control sequences out of 15000+600000
 415589 words of font info for 72 fonts, out of 8000000 for 9000
 1141 hyphenation exceptions out of 8191
 84i,10n,89p,1275b,445s stack positions out of 5000i,500n,10000p,200000b,80000s
 <C:\Users\x\AppData\Local\MiKTeX\fonts/pk/ljfour/jknappen/ec/dpi600\tcrm1000
.pk><C:/Users/x/AppData/Local/Programs/MiKTeX/fonts/type1/public/amsfonts/cm/cm
bx10.pfb><C:/Users/x/AppData/Local/Programs/MiKTeX/fonts/type1/public/amsfonts/
cm/cmbx12.pfb><C:/Users/x/AppData/Local/Programs/MiKTeX/fonts/type1/public/amsf
onts/cm/cmbxti10.pfb><C:/Users/x/AppData/Local/Programs/MiKTeX/fonts/type1/publ
ic/amsfonts/cm/cmex10.pfb><C:/Users/x/AppData/Local/Programs/MiKTeX/fonts/type1
/public/amsfonts/cm/cmmi10.pfb><C:/Users/x/AppData/Local/Programs/MiKTeX/fonts/
type1/public/amsfonts/cm/cmmi7.pfb><C:/Users/x/AppData/Local/Programs/MiKTeX/fo
nts/type1/public/amsfonts/cm/cmmi9.pfb><C:/Users/x/AppData/Local/Programs/MiKTe
X/fonts/type1/public/amsfonts/cm/cmr10.pfb><C:/Users/x/AppData/Local/Programs/M
iKTeX/fonts/type1/public/amsfonts/cm/cmr12.pfb><C:/Users/x/AppData/Local/Progra
ms/MiKTeX/fonts/type1/public/amsfonts/cm/cmr6.pfb><C:/Users/x/AppData/Local/Pro
grams/MiKTeX/fonts/type1/public/amsfonts/cm/cmr7.pfb><C:/Users/x/AppData/Local/
Programs/MiKTeX/fonts/type1/public/amsfonts/cm/cmsl10.pfb><C:/Users/x/AppData/L
ocal/Programs/MiKTeX/fonts/type1/public/amsfonts/cm/cmsy10.pfb><C:/Users/x/AppD
ata/Local/Programs/MiKTeX/fonts/type1/public/amsfonts/cm/cmsy7.pfb><C:/Users/x/
AppData/Local/Programs/MiKTeX/fonts/type1/public/amsfonts/cm/cmti10.pfb><C:/Use
rs/x/AppData/Local/Programs/MiKTeX/fonts/type1/public/amsfonts/cm/cmti12.pfb><C
:/Users/x/AppData/Local/Programs/MiKTeX/fonts/type1/public/amsfonts/cm/cmti9.pf
b>
Output written on "Pattern Recognition.pdf" (22 pages, 31854708 bytes).
PDF statistics:
 456 PDF objects out of 1000 (max. 8388607)
 83 named destinations out of 1000 (max. 500000)
 321 words of extra memory for PDF output out of 10000 (max. 10000000)

